  AISnake.cpp
f:\new folder\franp\documents\uni work\c++\snakeica\snakegame\aisnake.cpp(94): warning C4244: '=': conversion from 'T' to 'int', possible loss of data
          with
          [
              T=float
          ]
f:\new folder\franp\documents\uni work\c++\snakeica\snakegame\aisnake.cpp(99): warning C4244: '=': conversion from 'T' to 'int', possible loss of data
          with
          [
              T=float
          ]
f:\new folder\franp\documents\uni work\c++\snakeica\snakegame\aisnake.cpp(307): warning C4244: 'initializing': conversion from 'int' to 'float', possible loss of data
f:\new folder\franp\documents\uni work\c++\snakeica\snakegame\aisnake.cpp(308): warning C4244: 'initializing': conversion from 'int' to 'float', possible loss of data
  Game.cpp
f:\new folder\franp\documents\uni work\c++\snakeica\snakegame\game.h(31): warning C4267: 'initializing': conversion from 'size_t' to 'int', possible loss of data
f:\new folder\franp\documents\uni work\c++\snakeica\snakegame\game.cpp(86): warning C4244: 'argument': conversion from 'int' to 'float', possible loss of data
f:\new folder\franp\documents\uni work\c++\snakeica\snakegame\game.cpp(95): warning C4244: 'argument': conversion from 'int' to 'float', possible loss of data
f:\new folder\franp\documents\uni work\c++\snakeica\snakegame\game.cpp(239): warning C4244: 'argument': conversion from 'time_t' to 'unsigned int', possible loss of data
f:\new folder\franp\documents\uni work\c++\snakeica\snakegame\game.cpp(248): warning C4244: 'initializing': conversion from 'int' to 'float', possible loss of data
f:\new folder\franp\documents\uni work\c++\snakeica\snakegame\game.cpp(249): warning C4244: 'initializing': conversion from 'int' to 'float', possible loss of data
f:\new folder\franp\documents\uni work\c++\snakeica\snakegame\game.cpp(254): warning C4244: 'initializing': conversion from 'int' to 'float', possible loss of data
f:\new folder\franp\documents\uni work\c++\snakeica\snakegame\game.cpp(358): warning C4244: 'argument': conversion from 'time_t' to 'unsigned int', possible loss of data
f:\new folder\franp\documents\uni work\c++\snakeica\snakegame\game.cpp(369): warning C4244: 'initializing': conversion from 'int' to 'float', possible loss of data
f:\new folder\franp\documents\uni work\c++\snakeica\snakegame\game.cpp(370): warning C4244: 'initializing': conversion from 'int' to 'float', possible loss of data
f:\new folder\franp\documents\uni work\c++\snakeica\snakegame\game.cpp(375): warning C4244: 'initializing': conversion from 'int' to 'float', possible loss of data
f:\new folder\franp\documents\uni work\c++\snakeica\snakegame\game.cpp(385): warning C4244: 'initializing': conversion from 'int' to 'float', possible loss of data
f:\new folder\franp\documents\uni work\c++\snakeica\snakegame\game.cpp(386): warning C4244: 'initializing': conversion from 'int' to 'float', possible loss of data
f:\new folder\franp\documents\uni work\c++\snakeica\snakegame\game.cpp(391): warning C4244: 'initializing': conversion from 'int' to 'float', possible loss of data
f:\new folder\franp\documents\uni work\c++\snakeica\snakegame\game.cpp(480): warning C4244: '=': conversion from 'T' to 'int', possible loss of data
          with
          [
              T=float
          ]
f:\new folder\franp\documents\uni work\c++\snakeica\snakegame\game.cpp(485): warning C4244: '=': conversion from 'T' to 'int', possible loss of data
          with
          [
              T=float
          ]
  Snake.cpp
f:\new folder\franp\documents\uni work\c++\snakeica\snakegame\game.h(31): warning C4267: 'initializing': conversion from 'size_t' to 'int', possible loss of data
f:\new folder\franp\documents\uni work\c++\snakeica\snakegame\snake.cpp(85): warning C4267: '=': conversion from 'size_t' to 'int', possible loss of data
f:\new folder\franp\documents\uni work\c++\snakeica\snakegame\snake.cpp(207): warning C4244: 'initializing': conversion from 'int' to 'float', possible loss of data
  main.cpp
f:\new folder\franp\documents\uni work\c++\snakeica\snakegame\game.h(31): warning C4267: 'initializing': conversion from 'size_t' to 'int', possible loss of data
  Generating Code...
  SnakeGame.vcxproj -> F:\New folder\franp\Documents\UNI WORK\C++\SnakeICA\x64\Debug\SnakeGame.exe
